<?xml version="1.0" encoding="UTF-8"?>
<testsuite xmlns:xsi="http://www.w3.org/2001/XMLSchema-instance" xsi:noNamespaceSchemaLocation="https://maven.apache.org/surefire/maven-surefire-plugin/xsd/surefire-test-report.xsd" name="testcases.CustomProjectRunner" time="0.141" tests="8" errors="0" skipped="1" failures="0">
  <properties>
    <property name="sun.desktop" value="windows"/>
    <property name="awt.toolkit" value="sun.awt.windows.WToolkit"/>
    <property name="file.encoding.pkg" value="sun.io"/>
    <property name="java.specification.version" value="1.8"/>
    <property name="sun.cpu.isalist" value="amd64"/>
    <property name="sun.jnu.encoding" value="Cp1252"/>
    <property name="java.class.path" value="C:\Users\rvarm\Selenium Course\JUnitProject2\target\test-classes;C:\Users\rvarm\Selenium Course\JUnitProject2\target\classes;C:\Users\rvarm\.m2\repository\junit\junit\4.13-beta-1\junit-4.13-beta-1.jar;C:\Users\rvarm\.m2\repository\org\hamcrest\hamcrest-core\1.3\hamcrest-core-1.3.jar;"/>
    <property name="java.vm.vendor" value="Oracle Corporation"/>
    <property name="sun.arch.data.model" value="64"/>
    <property name="user.variant" value=""/>
    <property name="java.vendor.url" value="http://java.oracle.com/"/>
    <property name="user.timezone" value="America/New_York"/>
    <property name="java.vm.specification.version" value="1.8"/>
    <property name="os.name" value="Windows 10"/>
    <property name="user.country" value="CA"/>
    <property name="sun.java.launcher" value="SUN_STANDARD"/>
    <property name="sun.boot.library.path" value="C:\Program Files\Java\jdk1.8.0_111\jre\bin"/>
    <property name="sun.java.command" value="C:\Users\rvarm\AppData\Local\Temp\surefire562409567780119578\surefirebooter2243199498186227381.jar C:\Users\rvarm\AppData\Local\Temp\surefire562409567780119578 2024-10-14T20-13-54_223-jvmRun1 surefire5111587204784785370tmp surefire_08732337896444602485tmp"/>
    <property name="surefire.test.class.path" value="C:\Users\rvarm\Selenium Course\JUnitProject2\target\test-classes;C:\Users\rvarm\Selenium Course\JUnitProject2\target\classes;C:\Users\rvarm\.m2\repository\junit\junit\4.13-beta-1\junit-4.13-beta-1.jar;C:\Users\rvarm\.m2\repository\org\hamcrest\hamcrest-core\1.3\hamcrest-core-1.3.jar;"/>
    <property name="sun.cpu.endian" value="little"/>
    <property name="user.home" value="C:\Users\rvarm"/>
    <property name="user.language" value="en"/>
    <property name="java.specification.vendor" value="Oracle Corporation"/>
    <property name="java.home" value="C:\Program Files\Java\jdk1.8.0_111\jre"/>
    <property name="basedir" value="C:\Users\rvarm\Selenium Course\JUnitProject2"/>
    <property name="file.separator" value="\"/>
    <property name="line.separator" value="&#10;"/>
    <property name="java.vm.specification.vendor" value="Oracle Corporation"/>
    <property name="java.specification.name" value="Java Platform API Specification"/>
    <property name="java.awt.graphicsenv" value="sun.awt.Win32GraphicsEnvironment"/>
    <property name="surefire.real.class.path" value="C:\Users\rvarm\AppData\Local\Temp\surefire562409567780119578\surefirebooter2243199498186227381.jar"/>
    <property name="sun.boot.class.path" value="C:\Program Files\Java\jdk1.8.0_111\jre\lib\resources.jar;C:\Program Files\Java\jdk1.8.0_111\jre\lib\rt.jar;C:\Program Files\Java\jdk1.8.0_111\jre\lib\sunrsasign.jar;C:\Program Files\Java\jdk1.8.0_111\jre\lib\jsse.jar;C:\Program Files\Java\jdk1.8.0_111\jre\lib\jce.jar;C:\Program Files\Java\jdk1.8.0_111\jre\lib\charsets.jar;C:\Program Files\Java\jdk1.8.0_111\jre\lib\jfr.jar;C:\Program Files\Java\jdk1.8.0_111\jre\classes"/>
    <property name="user.script" value=""/>
    <property name="sun.management.compiler" value="HotSpot 64-Bit Tiered Compilers"/>
    <property name="java.runtime.version" value="1.8.0_111-b14"/>
    <property name="user.name" value="rvarm"/>
    <property name="path.separator" value=";"/>
    <property name="os.version" value="10.0"/>
    <property name="java.endorsed.dirs" value="C:\Program Files\Java\jdk1.8.0_111\jre\lib\endorsed"/>
    <property name="java.runtime.name" value="Java(TM) SE Runtime Environment"/>
    <property name="file.encoding" value="Cp1252"/>
    <property name="java.vm.name" value="Java HotSpot(TM) 64-Bit Server VM"/>
    <property name="localRepository" value="C:\Users\rvarm\.m2\repository"/>
    <property name="java.vendor.url.bug" value="http://bugreport.sun.com/bugreport/"/>
    <property name="java.io.tmpdir" value="C:\Users\rvarm\AppData\Local\Temp\"/>
    <property name="java.version" value="1.8.0_111"/>
    <property name="user.dir" value="C:\Users\rvarm\Selenium Course\JUnitProject2"/>
    <property name="os.arch" value="amd64"/>
    <property name="java.vm.specification.name" value="Java Virtual Machine Specification"/>
    <property name="java.awt.printerjob" value="sun.awt.windows.WPrinterJob"/>
    <property name="sun.os.patch.level" value=""/>
    <property name="java.library.path" value="C:\Program Files\Java\jdk1.8.0_111\jre\bin;C:\WINDOWS\Sun\Java\bin;C:\WINDOWS\system32;C:\WINDOWS;C:\Users\rvarm\anaconda3\condabin;C:\app\rvarm\product\18.0.0\dbhomeXE\bin;C:\Program Files\Java\jdk1.8.0_111\bin;C:\Program Files (x86)\Intel\iCLS Client\;C:\Program Files\Intel\iCLS Client\;C:\WINDOWS\system32;C:\WINDOWS;C:\WINDOWS\System32\Wbem;C:\WINDOWS\System32\WindowsPowerShell\v1.0\;C:\Program Files (x86)\Intel\Intel(R) Management Engine Components\DAL;C:\Program Files\Intel\Intel(R) Management Engine Components\DAL;C:\Program Files (x86)\Intel\Intel(R) Management Engine Components\IPT;C:\Program Files\Intel\Intel(R) Management Engine Components\IPT;C:\WINDOWS\System32\OpenSSH\;C:\Program Files\Intel\WiFi\bin\;C:\Program Files\Common Files\Intel\WirelessCommon\;C:\PROGRA~1\MATLAB\R2020a\bin;C:\Program Files\MATLAB\R2020a\bin;C:\Program Files\Microsoft SQL Server\Client SDK\ODBC\170\Tools\Binn\;C:\Program Files (x86)\Microsoft SQL Server\150\Tools\Binn\;C:\Program Files\Microsoft SQL Server\150\Tools\Binn\;C:\Program Files\Microsoft SQL Server\150\DTS\Binn\;C:\Program Files\Microsoft SQL Server\130\Tools\Binn\;C:\cygwin64\bin;C:\Users\rvarm\anaconda3\bin;C:\Users\rvarm\anaconda3\;C:\Users\rvarm\anaconda3\Library\mingw-w64\bin;C:\Users\rvarm\anaconda3\Library\usr\bin;C:\Users\rvarm\anaconda3\Library\bin;C:\Users\rvarm\anaconda3\Scripts;C:\ProgramData\chocolatey\bin;C:\Program Files\nodejs\;C:\Program Files\apache-maven-3.9.9\bin;C:\Program Files\apache-ant-1.10.15-bin\apache-ant-1.10.15\bin;C:\Program Files\MySQL\MySQL Shell 8.0\bin\;%cd%;C:\Users\rvarm\AppData\Local\Programs\Hyper\resources\bin;C:\Users\rvarm\AppData\Local\Microsoft\WindowsApps;C:\Users\rvarm\AppData\Local\Programs\Microsoft VS Code\bin;C:\Users\rvarm\AppData\Roaming\npm;C:\Users\rvarm\AppData\Local\GitHubDesktop\bin;C:\Program Files\apache-maven-3.9.9-src\apache-maven-3.9.9\apache-maven\src\bin;;."/>
    <property name="java.vm.info" value="mixed mode"/>
    <property name="java.vendor" value="Oracle Corporation"/>
    <property name="java.vm.version" value="25.111-b14"/>
    <property name="java.ext.dirs" value="C:\Program Files\Java\jdk1.8.0_111\jre\lib\ext;C:\WINDOWS\Sun\Java\lib\ext"/>
    <property name="sun.io.unicode.encoding" value="UnicodeLittle"/>
    <property name="java.class.version" value="52.0"/>
  </properties>
  <testcase name="loginTest[0]" classname="testcases.LoginTest" time="0"/>
  <testcase name="loginTest[1]" classname="testcases.LoginTest" time="0"/>
  <testcase name="loginTest[2]" classname="testcases.LoginTest" time="0"/>
  <testcase name="loginTest[3]" classname="testcases.LoginTest" time="0"/>
  <testcase name="test_a_searchForMobile" classname="testcases.ShopMobilePhoneTest" time="0.015"/>
  <testcase name="test_b_selectMobile" classname="testcases.ShopMobilePhoneTest" time="0"/>
  <testcase name="test_c_checkOut" classname="testcases.ShopMobilePhoneTest" time="0">
    <skipped message="got: &lt;false&gt;, expected: is &lt;true&gt;"/>
  </testcase>
  <testcase name="validate" classname="testcases.ValidationsTest" time="0.016"/>
</testsuite>