<?xml version="1.0" encoding="UTF-8" ?>
<testsuite errors="0" failures="0" hostname="LAPTOP-LUAOCDJJ" name="testcases.CustomProjectRunner" skipped="1" tests="8" time="0.134" timestamp="2024-10-15T00:20:19">
  <properties>
    <property name="java.vendor" value="Oracle Corporation" />
    <property name="sun.java.launcher" value="SUN_STANDARD" />
    <property name="sun.management.compiler" value="HotSpot 64-Bit Tiered Compilers" />
    <property name="maven.build.srcDir.0" value="src/main/java" />
    <property name="os.name" value="Windows 10" />
    <property name="sun.boot.class.path" value="C:\Program Files\Java\jdk1.8.0_111\jre\lib\resources.jar;C:\Program Files\Java\jdk1.8.0_111\jre\lib\rt.jar;C:\Program Files\Java\jdk1.8.0_111\jre\lib\sunrsasign.jar;C:\Program Files\Java\jdk1.8.0_111\jre\lib\jsse.jar;C:\Program Files\Java\jdk1.8.0_111\jre\lib\jce.jar;C:\Program Files\Java\jdk1.8.0_111\jre\lib\charsets.jar;C:\Program Files\Java\jdk1.8.0_111\jre\lib\jfr.jar;C:\Program Files\Java\jdk1.8.0_111\jre\classes" />
    <property name="ant.file.JUnitProject2" value="C:\Users\rvarm\Selenium Course\JUnitProject2\build.xml" />
    <property name="sun.desktop" value="windows" />
    <property name="java.vm.specification.vendor" value="Oracle Corporation" />
    <property name="ant.home" value="C:\Program Files\apache-ant-1.10.15-bin\apache-ant-1.10.15" />
    <property name="java.runtime.version" value="1.8.0_111-b14" />
    <property name="maven.build.resourceDir.0" value="src/main/resources" />
    <property name="ant.file.JUnitProject2-from-maven" value="C:\Users\rvarm\Selenium Course\JUnitProject2\maven-build.xml" />
    <property name="user.name" value="rvarm" />
    <property name="maven.build.outputDir" value="target/classes" />
    <property name="maven.repo.local" value="C:\Users\rvarm/.m2/repository" />
    <property name="maven.build.finalName" value="JUnitProject2-0.0.1-SNAPSHOT" />
    <property name="maven.build.testDir.0" value="src/test/java" />
    <property name="user.language" value="en" />
    <property name="sun.boot.library.path" value="C:\Program Files\Java\jdk1.8.0_111\jre\bin" />
    <property name="ant.file.type.JUnitProject2-from-maven" value="file" />
    <property name="ant.project.default-target" value="package" />
    <property name="maven.reporting.outputDirectory" value="target/site" />
    <property name="ant.file.type.JUnitProject2" value="file" />
    <property name="ant.project.name" value="JUnitProject2" />
    <property name="java.version" value="1.8.0_111" />
    <property name="user.timezone" value="" />
    <property name="sun.arch.data.model" value="64" />
    <property name="java.endorsed.dirs" value="C:\Program Files\Java\jdk1.8.0_111\jre\lib\endorsed" />
    <property name="sun.cpu.isalist" value="amd64" />
    <property name="sun.jnu.encoding" value="Cp1252" />
    <property name="file.encoding.pkg" value="sun.io" />
    <property name="file.separator" value="\" />
    <property name="java.specification.name" value="Java Platform API Specification" />
    <property name="java.class.version" value="52.0" />
    <property name="user.country" value="CA" />
    <property name="java.home" value="C:\Program Files\Java\jdk1.8.0_111\jre" />
    <property name="java.vm.info" value="mixed mode" />
    <property name="ant.file" value="C:\Users\rvarm\Selenium Course\JUnitProject2\build.xml" />
    <property name="os.version" value="10.0" />
    <property name="maven.build.testOutputDir" value="target/test-classes" />
    <property name="path.separator" value=";" />
    <property name="java.vm.version" value="25.111-b14" />
    <property name="maven.build.dir" value="target" />
    <property name="maven.test.reports" value="target/test-reports" />
    <property name="user.variant" value="" />
    <property name="ant.library.dir" value="C:\Program Files\apache-ant-1.10.15-bin\apache-ant-1.10.15\lib" />
    <property name="java.awt.printerjob" value="sun.awt.windows.WPrinterJob" />
    <property name="sun.io.unicode.encoding" value="UnicodeLittle" />
    <property name="awt.toolkit" value="sun.awt.windows.WToolkit" />
    <property name="sun.stdout.encoding" value="cp437" />
    <property name="user.script" value="" />
    <property name="project.build.outputDirectory" value="target/classes" />
    <property name="user.home" value="C:\Users\rvarm" />
    <property name="java.specification.vendor" value="Oracle Corporation" />
    <property name="java.library.path" value="C:\Program Files\Java\jdk1.8.0_111\jre\bin;C:\WINDOWS\Sun\Java\bin;C:\WINDOWS\system32;C:\WINDOWS;C:\Users\rvarm\anaconda3\condabin;C:\app\rvarm\product\18.0.0\dbhomeXE\bin;C:\Program Files\Java\jdk1.8.0_111\bin;C:\Program Files (x86)\Intel\iCLS Client\;C:\Program Files\Intel\iCLS Client\;C:\WINDOWS\system32;C:\WINDOWS;C:\WINDOWS\System32\Wbem;C:\WINDOWS\System32\WindowsPowerShell\v1.0\;C:\Program Files (x86)\Intel\Intel(R) Management Engine Components\DAL;C:\Program Files\Intel\Intel(R) Management Engine Components\DAL;C:\Program Files (x86)\Intel\Intel(R) Management Engine Components\IPT;C:\Program Files\Intel\Intel(R) Management Engine Components\IPT;C:\WINDOWS\System32\OpenSSH\;C:\Program Files\Intel\WiFi\bin\;C:\Program Files\Common Files\Intel\WirelessCommon\;C:\PROGRA~1\MATLAB\R2020a\bin;C:\Program Files\MATLAB\R2020a\bin;C:\Program Files\Microsoft SQL Server\Client SDK\ODBC\170\Tools\Binn\;C:\Program Files (x86)\Microsoft SQL Server\150\Tools\Binn\;C:\Program Files\Microsoft SQL Server\150\Tools\Binn\;C:\Program Files\Microsoft SQL Server\150\DTS\Binn\;C:\Program Files\Microsoft SQL Server\130\Tools\Binn\;C:\cygwin64\bin;C:\Users\rvarm\anaconda3\bin;C:\Users\rvarm\anaconda3\;C:\Users\rvarm\anaconda3\Library\mingw-w64\bin;C:\Users\rvarm\anaconda3\Library\usr\bin;C:\Users\rvarm\anaconda3\Library\bin;C:\Users\rvarm\anaconda3\Scripts;C:\ProgramData\chocolatey\bin;C:\Program Files\nodejs\;C:\Program Files\apache-maven-3.9.9\bin;C:\Program Files\apache-ant-1.10.15-bin\apache-ant-1.10.15\bin;C:\Program Files\MySQL\MySQL Shell 8.0\bin\;%cd%;C:\Users\rvarm\AppData\Local\Programs\Hyper\resources\bin;C:\Users\rvarm\AppData\Local\Microsoft\WindowsApps;C:\Users\rvarm\AppData\Local\Programs\Microsoft VS Code\bin;C:\Users\rvarm\AppData\Roaming\npm;C:\Users\rvarm\AppData\Local\GitHubDesktop\bin;C:\Program Files\apache-maven-3.9.9-src\apache-maven-3.9.9\apache-maven\src\bin;;." />
    <property name="java.vendor.url" value="http://java.oracle.com/" />
    <property name="maven.settings.offline" value="false" />
    <property name="java.vm.vendor" value="Oracle Corporation" />
    <property name="maven.settings.interactiveMode" value="true" />
    <property name="java.runtime.name" value="Java(TM) SE Runtime Environment" />
    <property name="sun.java.command" value="org.apache.tools.ant.taskdefs.optional.junit.JUnitTestRunner testcases.CustomProjectRunner skipNonTests=false filtertrace=true haltOnError=true haltOnFailure=true formatter=org.apache.tools.ant.taskdefs.optional.junit.SummaryJUnitResultFormatter showoutput=false outputtoformatters=true logfailedtests=true threadid=0 logtestlistenerevents=false formatter=org.apache.tools.ant.taskdefs.optional.junit.XMLJUnitResultFormatter,C:\Users\rvarm\Selenium Course\JUnitProject2\target\test-reports\TEST-testcases.CustomProjectRunner.xml formatter=org.apache.tools.ant.taskdefs.optional.junit.PlainJUnitResultFormatter crashfile=C:\Users\rvarm\Selenium Course\JUnitProject2\junitvmwatcher1424803505791150143.properties propsfile=C:\Users\rvarm\Selenium Course\JUnitProject2\junit2613851964329245237.properties" />
    <property name="java.class.path" value="C:\Users\rvarm\.m2\repository\junit\junit\4.13-beta-1\junit-4.13-beta-1.jar;C:\Users\rvarm\.m2\repository\org\hamcrest\hamcrest-core\1.3\hamcrest-core-1.3.jar;C:\Users\rvarm\Selenium Course\JUnitProject2\target\classes;C:\Users\rvarm\Selenium Course\JUnitProject2\target\test-classes;C:\Users\rvarm\eclipse-workspace\junit-4.13.2.jar;C:\Program Files\apache-ant-1.10.15-bin\apache-ant-1.10.15\lib\ant-launcher.jar;C:\Program Files\apache-ant-1.10.15-bin\apache-ant-1.10.15\lib\ant.jar;C:\Program Files\apache-ant-1.10.15-bin\apache-ant-1.10.15\lib\ant-junit.jar;C:\Program Files\apache-ant-1.10.15-bin\apache-ant-1.10.15\lib\ant-junit4.jar" />
    <property name="ant.version" value="Apache Ant(TM) version 1.10.15 compiled on August 25 2024" />
    <property name="project.build.directory" value="target" />
    <property name="java.vm.specification.name" value="Java Virtual Machine Specification" />
    <property name="ant.file.type" value="file" />
    <property name="java.vm.specification.version" value="1.8" />
    <property name="sun.cpu.endian" value="little" />
    <property name="sun.os.patch.level" value="" />
    <property name="java.io.tmpdir" value="C:\Users\rvarm\AppData\Local\Temp\" />
    <property name="junit.present" value="true" />
    <property name="java.vendor.url.bug" value="http://bugreport.sun.com/bugreport/" />
    <property name="java.awt.graphicsenv" value="sun.awt.Win32GraphicsEnvironment" />
    <property name="maven.build.testResourceDir.0" value="src/test/resources" />
    <property name="os.arch" value="amd64" />
    <property name="java.ext.dirs" value="C:\Program Files\Java\jdk1.8.0_111\jre\lib\ext;C:\WINDOWS\Sun\Java\lib\ext" />
    <property name="user.dir" value="C:\Users\rvarm\Selenium Course\JUnitProject2" />
    <property name="line.separator" value="&#xd;&#xa;" />
    <property name="java.vm.name" value="Java HotSpot(TM) 64-Bit Server VM" />
    <property name="basedir" value="." />
    <property name="ant.java.version" value="1.8" />
    <property name="ant.core.lib" value="C:\Program Files\apache-ant-1.10.15-bin\apache-ant-1.10.15\lib\ant.jar" />
    <property name="file.encoding" value="Cp1252" />
    <property name="sun.stderr.encoding" value="cp437" />
    <property name="java.specification.version" value="1.8" />
    <property name="ant.project.invoked-targets" value="test" />
  </properties>
  <testcase classname="testcases.LoginTest" name="loginTest[0]" time="0.001" />
  <testcase classname="testcases.LoginTest" name="loginTest[1]" time="0.0" />
  <testcase classname="testcases.LoginTest" name="loginTest[2]" time="0.001" />
  <testcase classname="testcases.LoginTest" name="loginTest[3]" time="0.0" />
  <testcase classname="testcases.ShopMobilePhoneTest" name="test_a_searchForMobile" time="0.0" />
  <testcase classname="testcases.ShopMobilePhoneTest" name="test_b_selectMobile" time="0.0" />
  <testcase classname="testcases.ShopMobilePhoneTest" name="test_c_checkOut" time="0.021">
    <skipped message="got: &lt;false&gt;, expected: is &lt;true&gt;" />
  </testcase>
  <testcase classname="testcases.ValidationsTest" name="validate" time="0.002" />
  <system-out><![CDATA[U1, password, chrome
U2, pass, chrome
U3, password2, edge
U4, password1234, chrome
Searching for mobile Test case
Selecting mobile
Start
End
]]></system-out>
  <system-err><![CDATA[]]></system-err>
</testsuite>
